<?xml version="1.0" encoding="UTF-8"?>
<testsuite xmlns:xsi="http://www.w3.org/2001/XMLSchema-instance" xsi:noNamespaceSchemaLocation="https://maven.apache.org/surefire/maven-surefire-plugin/xsd/surefire-test-report-3.0.xsd" version="3.0" name="bank.RunCucumberTest" time="1.236" tests="3" errors="0" skipped="0" failures="0">
  <properties>
[...]
</properties>
  <testcase name="Example #1.1" classname="Examples" time="0.06">
    <system-out><![CDATA[
@accountBalance @ex1
Scenario Outline: Check balance after Deposit &amp#27;[90m# bank/example.feature:12&amp#27;[0m
  &amp#27;[32mGiven &amp#27;[0m&amp#27;[32mmy account has a balance of $&amp#27;[0m&amp#27;[32m&amp#27;[1m500&amp#27;[0m      &amp#27;[90m# bank.StepDefinitions.my_account_has_a_balance_of_$(int)&amp#27;[0m
  &amp#27;[32mAnd &amp#27;[0m&amp#27;[32mI make a deposit of $&amp#27;[0m&amp#27;[32m&amp#27;[1m100&amp#27;[0m                &amp#27;[90m# bank.StepDefinitions.i_make_a_deposit_of_$(int)&amp#27;[0m
  &amp#27;[32mWhen &amp#27;[0m&amp#27;[32mI check the balance&amp#27;[0m                    &amp#27;[90m# bank.StepDefinitions.i_check_the_balance()&amp#27;[0m
600 600
  &amp#27;[32mThen &amp#27;[0m&amp#27;[32mthe available balance should be $&amp#27;[0m&amp#27;[32m&amp#27;[1m600&amp#27;[0m   &amp#27;[90m# bank.StepDefinitions.the_available_balance_should_be_$(int)&amp#27;[0m
]]></system-out>
  </testcase>
  <testcase name="Example #1.2" classname="Examples" time="0.01">
    <system-out><![CDATA[
@accountBalance @ex1
Scenario Outline: Check balance after Deposit &amp#27;[90m# bank/example.feature:13&amp#27;[0m
  &amp#27;[32mGiven &amp#27;[0m&amp#27;[32mmy account has a balance of $&amp#27;[0m&amp#27;[32m&amp#27;[1m600&amp#27;[0m      &amp#27;[90m# bank.StepDefinitions.my_account_has_a_balance_of_$(int)&amp#27;[0m
  &amp#27;[32mAnd &amp#27;[0m&amp#27;[32mI make a deposit of $&amp#27;[0m&amp#27;[32m&amp#27;[1m100&amp#27;[0m                &amp#27;[90m# bank.StepDefinitions.i_make_a_deposit_of_$(int)&amp#27;[0m
  &amp#27;[32mWhen &amp#27;[0m&amp#27;[32mI check the balance&amp#27;[0m                    &amp#27;[90m# bank.StepDefinitions.i_check_the_balance()&amp#27;[0m
700 700
  &amp#27;[32mThen &amp#27;[0m&amp#27;[32mthe available balance should be $&amp#27;[0m&amp#27;[32m&amp#27;[1m700&amp#27;[0m   &amp#27;[90m# bank.StepDefinitions.the_available_balance_should_be_$(int)&amp#27;[0m
]]></system-out>
  </testcase>
  <testcase name="Example #1.3" classname="Examples" time="0.007">
    <system-out><![CDATA[
@accountBalance @ex1
Scenario Outline: Check balance after Deposit &amp#27;[90m# bank/example.feature:14&amp#27;[0m
  &amp#27;[32mGiven &amp#27;[0m&amp#27;[32mmy account has a balance of $&amp#27;[0m&amp#27;[32m&amp#27;[1m700&amp#27;[0m      &amp#27;[90m# bank.StepDefinitions.my_account_has_a_balance_of_$(int)&amp#27;[0m
  &amp#27;[32mAnd &amp#27;[0m&amp#27;[32mI make a deposit of $&amp#27;[0m&amp#27;[32m&amp#27;[1m100&amp#27;[0m                &amp#27;[90m# bank.StepDefinitions.i_make_a_deposit_of_$(int)&amp#27;[0m
  &amp#27;[32mWhen &amp#27;[0m&amp#27;[32mI check the balance&amp#27;[0m                    &amp#27;[90m# bank.StepDefinitions.i_check_the_balance()&amp#27;[0m
800 800
  &amp#27;[32mThen &amp#27;[0m&amp#27;[32mthe available balance should be $&amp#27;[0m&amp#27;[32m&amp#27;[1m800&amp#27;[0m   &amp#27;[90m# bank.StepDefinitions.the_available_balance_should_be_$(int)&amp#27;[0m
]]></system-out>
  </testcase>
</testsuite>